  [4;36;1mSQL (0.1ms)[0m   [0;1mSET NAMES 'utf8'[0m
  [4;35;1mSQL (0.1ms)[0m   [0mSET SQL_AUTO_IS_NULL=0[0m
  [4;36;1mSQL (0.3ms)[0m   [0;1mSHOW TABLES[0m
  [4;35;1mSQL (0.2ms)[0m   [0mSHOW TABLES[0m
  [4;36;1mSQL (0.1ms)[0m   [0;1mSET NAMES 'utf8'[0m
  [4;35;1mSQL (0.1ms)[0m   [0mSET SQL_AUTO_IS_NULL=0[0m
  [4;36;1mSQL (0.3ms)[0m   [0;1mSHOW TABLES[0m
  [4;35;1mSQL (80.2ms)[0m   [0mCREATE TABLE `schema_migrations` (`version` varchar(255) NOT NULL) ENGINE=InnoDB[0m
  [4;36;1mSQL (126.2ms)[0m   [0;1mCREATE UNIQUE INDEX `unique_schema_migrations` ON `schema_migrations` (`version`)[0m
  [4;35;1mSQL (0.4ms)[0m   [0mSHOW TABLES[0m
  [4;36;1mSQL (0.3ms)[0m   [0;1mSELECT version FROM schema_migrations[0m
Migrating to ClearanceCreateUsers (20091205164002)
  [4;35;1mSQL (91.5ms)[0m   [0mCREATE TABLE `users` (`id` int(11) DEFAULT NULL auto_increment PRIMARY KEY, `email` varchar(255), `encrypted_password` varchar(128), `salt` varchar(128), `confirmation_token` varchar(128), `remember_token` varchar(128), `email_confirmed` tinyint(1) DEFAULT 0 NOT NULL, `created_at` datetime, `updated_at` datetime) ENGINE=InnoDB[0m
  [4;36;1mSQL (87.1ms)[0m   [0;1mCREATE INDEX `index_users_on_id_and_confirmation_token` ON `users` (`id`, `confirmation_token`)[0m
  [4;35;1mSQL (107.8ms)[0m   [0mCREATE INDEX `index_users_on_email` ON `users` (`email`)[0m
  [4;36;1mSQL (144.3ms)[0m   [0;1mCREATE INDEX `index_users_on_remember_token` ON `users` (`remember_token`)[0m
  [4;35;1mSQL (0.9ms)[0m   [0mINSERT INTO schema_migrations (version) VALUES ('20091205164002')[0m
  [4;36;1mSQL (0.4ms)[0m   [0;1mSHOW TABLES[0m
  [4;35;1mSQL (0.2ms)[0m   [0mSELECT version FROM schema_migrations[0m
  [4;36;1mSQL (0.2ms)[0m   [0;1mSHOW TABLES[0m
  [4;35;1mSQL (72.7ms)[0m   [0mSHOW FIELDS FROM `users`[0m
  [4;36;1mSQL (1.7ms)[0m   [0;1mdescribe `users`[0m
  [4;35;1mSQL (0.3ms)[0m   [0mSHOW KEYS FROM `users`[0m
  [4;36;1mSQL (0.1ms)[0m   [0;1mSET NAMES 'utf8'[0m
  [4;35;1mSQL (0.1ms)[0m   [0mSET SQL_AUTO_IS_NULL=0[0m
  [4;36;1mSQL (0.3ms)[0m   [0;1mSHOW TABLES[0m
  [4;35;1mSQL (0.2ms)[0m   [0mSELECT version FROM schema_migrations[0m
  [4;36;1mSQL (0.1ms)[0m   [0;1mSET NAMES 'utf8'[0m
  [4;35;1mSQL (0.1ms)[0m   [0mSET SQL_AUTO_IS_NULL=0[0m
  [4;36;1mSQL (0.5ms)[0m   [0;1mDROP DATABASE IF EXISTS `masthead_test`[0m
  [4;35;1mSQL (0.2ms)[0m   [0mCREATE DATABASE `masthead_test` DEFAULT CHARACTER SET `utf8`[0m
  [4;36;1mSQL (0.2ms)[0m   [0;1mSET NAMES 'utf8'[0m
  [4;35;1mSQL (0.1ms)[0m   [0mSET SQL_AUTO_IS_NULL=0[0m
  [4;36;1mSQL (0.3ms)[0m   [0;1mSHOW TABLES[0m
  [4;35;1mSQL (133.5ms)[0m   [0mCREATE TABLE `users` (`id` int(11) DEFAULT NULL auto_increment PRIMARY KEY, `email` varchar(255), `encrypted_password` varchar(128), `salt` varchar(128), `confirmation_token` varchar(128), `remember_token` varchar(128), `email_confirmed` tinyint(1) DEFAULT 0 NOT NULL, `created_at` datetime, `updated_at` datetime) ENGINE=InnoDB[0m
  [4;36;1mSQL (188.7ms)[0m   [0;1mCREATE INDEX `index_users_on_email` ON `users` (`email`)[0m
  [4;35;1mSQL (100.4ms)[0m   [0mCREATE INDEX `index_users_on_id_and_confirmation_token` ON `users` (`id`, `confirmation_token`)[0m
  [4;36;1mSQL (112.8ms)[0m   [0;1mCREATE INDEX `index_users_on_remember_token` ON `users` (`remember_token`)[0m
  [4;35;1mSQL (0.4ms)[0m   [0mSHOW TABLES[0m
  [4;36;1mSQL (105.2ms)[0m   [0;1mCREATE TABLE `schema_migrations` (`version` varchar(255) NOT NULL) ENGINE=InnoDB[0m
  [4;35;1mSQL (101.9ms)[0m   [0mCREATE UNIQUE INDEX `unique_schema_migrations` ON `schema_migrations` (`version`)[0m
  [4;36;1mSQL (0.3ms)[0m   [0;1mSHOW TABLES[0m
  [4;35;1mSQL (0.2ms)[0m   [0mSELECT version FROM `schema_migrations`[0m
  [4;36;1mSQL (75.8ms)[0m   [0;1mINSERT INTO `schema_migrations` (version) VALUES ('20091205164002')[0m
  [4;36;1mSQL (0.2ms)[0m   [0;1mSET NAMES 'utf8'[0m
  [4;35;1mSQL (0.1ms)[0m   [0mSET SQL_AUTO_IS_NULL=0[0m


Processing Clearance::UsersController#new (for 127.0.0.1 at 2009-12-05 12:35:52) [GET]
  Parameters: {"action"=>"new", "controller"=>"clearance/users"}
  [4;36;1mUser Columns (1.4ms)[0m   [0;1mSHOW FIELDS FROM `users`[0m
  [4;35;1mUser Load (0.3ms)[0m   [0mSELECT * FROM `users` WHERE (`users`.`remember_token` = '63f265b3348358eca1cd1f4af986c37a35a930a0') LIMIT 1[0m
Rendering users/new
Rendered users/_inputs (7.1ms)
Completed in 105ms (View: 79, DB: 2) | 200 OK [http://0.0.0.0/sign_up]
  [4;36;1mSQL (0.1ms)[0m   [0;1mSET NAMES 'utf8'[0m
  [4;35;1mSQL (0.1ms)[0m   [0mSET SQL_AUTO_IS_NULL=0[0m


Processing Clearance::UsersController#create (for 127.0.0.1 at 2009-12-05 12:36:00) [POST]
  Parameters: {"commit"=>"Sign up", "action"=>"create", "authenticity_token"=>"aNJGoVynEaYu1Bubaiwc4Qwo+ysw/+MyfoPlbvThObw=", "controller"=>"clearance/users", "user"=>{"password_confirmation"=>"[FILTERED]", "password"=>"[FILTERED]", "email"=>"chris@hotink.net"}}
  [4;36;1mUser Columns (1.4ms)[0m   [0;1mSHOW FIELDS FROM `users`[0m
  [4;35;1mUser Load (0.6ms)[0m   [0mSELECT * FROM `users` WHERE (`users`.`remember_token` = '63f265b3348358eca1cd1f4af986c37a35a930a0') LIMIT 1[0m
  [4;36;1mSQL (0.1ms)[0m   [0;1mBEGIN[0m
  [4;35;1mUser Load (0.3ms)[0m   [0mSELECT `users`.id FROM `users` WHERE (LOWER(`users`.`email`) = BINARY 'chris@hotink.net') LIMIT 1[0m
  [4;36;1mUser Create (0.2ms)[0m   [0;1mINSERT INTO `users` (`encrypted_password`, `salt`, `created_at`, `updated_at`, `remember_token`, `confirmation_token`, `email_confirmed`, `email`) VALUES('0351efbbd29edde2b27a95c365192e3f4804d1ab', '982e5be9d0c9ed8f8dacdf9560109ca8a50259a3', '2009-12-05 17:36:00', '2009-12-05 17:36:00', NULL, 'd3ac07b04f31959e9f41dc5c7bf62d3c07642845', 0, 'chris@hotink.net')[0m
  [4;35;1mSQL (0.5ms)[0m   [0mCOMMIT[0m
Sent mail to chris@hotink.net

Date: Sat, 5 Dec 2009 12:36:00 -0500
From: donotreply@hotink.net
To: chris@hotink.net
Subject: Account confirmation
Mime-Version: 1.0
Content-Type: text/plain; charset=utf-8


http://localhost/users/1/confirmation/new?token=d3ac07b04f31959e9f41dc5c7bf62d3c07642845
Redirected to http://0.0.0.0:3000/session/new
Completed in 406ms (DB: 3) | 302 Found [http://0.0.0.0/users]
  [4;36;1mSQL (0.1ms)[0m   [0;1mSET NAMES 'utf8'[0m
  [4;35;1mSQL (0.1ms)[0m   [0mSET SQL_AUTO_IS_NULL=0[0m


Processing Clearance::SessionsController#new (for 127.0.0.1 at 2009-12-05 12:36:00) [GET]
  Parameters: {"action"=>"new", "controller"=>"clearance/sessions"}
Rendering sessions/new
Completed in 24ms (View: 19, DB: 0) | 200 OK [http://0.0.0.0/session/new]
  [4;36;1mSQL (0.1ms)[0m   [0;1mSET NAMES 'utf8'[0m
  [4;35;1mSQL (0.1ms)[0m   [0mSET SQL_AUTO_IS_NULL=0[0m


Processing Clearance::SessionsController#create (for 127.0.0.1 at 2009-12-05 12:36:07) [POST]
  Parameters: {"commit"=>"Sign in", "session"=>{"password"=>"[FILTERED]", "email"=>"chris@hotink.net"}, "action"=>"create", "authenticity_token"=>"aNJGoVynEaYu1Bubaiwc4Qwo+ysw/+MyfoPlbvThObw=", "controller"=>"clearance/sessions"}
  [4;36;1mUser Columns (1.3ms)[0m   [0;1mSHOW FIELDS FROM `users`[0m
  [4;35;1mUser Load (0.3ms)[0m   [0mSELECT * FROM `users` WHERE (`users`.`email` = 'chris@hotink.net') LIMIT 1[0m
Sent mail to chris@hotink.net

Date: Sat, 5 Dec 2009 12:36:07 -0500
From: donotreply@hotink.net
To: chris@hotink.net
Subject: Account confirmation
Mime-Version: 1.0
Content-Type: text/plain; charset=utf-8


http://localhost/users/1/confirmation/new?token=d3ac07b04f31959e9f41dc5c7bf62d3c07642845
Redirected to http://0.0.0.0:3000/session/new
Completed in 30ms (DB: 2) | 302 Found [http://0.0.0.0/session]
  [4;36;1mSQL (0.1ms)[0m   [0;1mSET NAMES 'utf8'[0m
  [4;35;1mSQL (0.1ms)[0m   [0mSET SQL_AUTO_IS_NULL=0[0m


Processing Clearance::SessionsController#new (for 127.0.0.1 at 2009-12-05 12:36:07) [GET]
  Parameters: {"action"=>"new", "controller"=>"clearance/sessions"}
Rendering sessions/new
Completed in 17ms (View: 12, DB: 0) | 200 OK [http://0.0.0.0/session/new]
  [4;36;1mSQL (0.1ms)[0m   [0;1mSET NAMES 'utf8'[0m
  [4;35;1mSQL (0.1ms)[0m   [0mSET SQL_AUTO_IS_NULL=0[0m


Processing Clearance::ConfirmationsController#new (for 127.0.0.1 at 2009-12-05 12:39:07) [GET]
  Parameters: {"token"=>"[FILTERED]", "action"=>"new", "user_id"=>"1", "controller"=>"clearance/confirmations"}
  [4;36;1mUser Columns (1.3ms)[0m   [0;1mSHOW FIELDS FROM `users`[0m
  [4;35;1mUser Load (0.2ms)[0m   [0mSELECT * FROM `users` WHERE (`users`.`id` = '1') LIMIT 1[0m
  [4;36;1mCACHE (0.0ms)[0m   [0;1mSELECT * FROM `users` WHERE (`users`.`id` = '1') LIMIT 1[0m
  [4;35;1mUser Load (0.2ms)[0m   [0mSELECT * FROM `users` WHERE (`users`.`confirmation_token` = 'd3ac07b04f31959e9f41dc5c7bf62d3c07642845' AND `users`.`id` = '1') LIMIT 1[0m
  [4;36;1mCACHE (0.0ms)[0m   [0;1mSELECT * FROM `users` WHERE (`users`.`confirmation_token` = 'd3ac07b04f31959e9f41dc5c7bf62d3c07642845' AND `users`.`id` = '1') LIMIT 1[0m
  [4;35;1mSQL (0.1ms)[0m   [0mBEGIN[0m
  [4;36;1mUser Update (0.3ms)[0m   [0;1mUPDATE `users` SET `updated_at` = '2009-12-05 17:39:07', `email_confirmed` = 1, `confirmation_token` = NULL WHERE `id` = 1[0m
  [4;35;1mSQL (0.5ms)[0m   [0mCOMMIT[0m
  [4;36;1mSQL (0.1ms)[0m   [0;1mBEGIN[0m
  [4;35;1mUser Update (0.2ms)[0m   [0mUPDATE `users` SET `updated_at` = '2009-12-05 17:39:07', `remember_token` = 'd0e82ead8408a18a25114986e2276a57a3e6537e' WHERE `id` = 1[0m
  [4;36;1mSQL (0.6ms)[0m   [0;1mCOMMIT[0m
Redirected to http://localhost:3000/
Completed in 226ms (DB: 4) | 302 Found [http://localhost/users/1/confirmation/new?token=d3ac07b04f31959e9f41dc5c7bf62d3c07642845]
  [4;35;1mSQL (0.1ms)[0m   [0mSET NAMES 'utf8'[0m
  [4;36;1mSQL (0.1ms)[0m   [0;1mSET SQL_AUTO_IS_NULL=0[0m


Processing Clearance::SessionsController#new (for 127.0.0.1 at 2009-12-05 12:39:18) [GET]
  Parameters: {"action"=>"new", "controller"=>"clearance/sessions"}
Rendering template within layouts/application
Rendering sessions/new

ActionView::TemplateError (Missing template clearance/sessions/_flashes.erb in view path app/views:vendor/gems/clearance-0.8.3/app/views) on line #1 of app/views/layouts/application.html.erb:
1: <%= render :partial => 'flashes' -%>
2: <%= yield %>

    app/views/layouts/application.html.erb:1
    clearance (0.8.3) [v] app/controllers/clearance/sessions_controller.rb:8:in `new'
    /usr/local/lib/ruby/1.8/webrick/httpserver.rb:104:in `service'
    /usr/local/lib/ruby/1.8/webrick/httpserver.rb:65:in `run'
    /usr/local/lib/ruby/1.8/webrick/server.rb:173:in `start_thread'
    /usr/local/lib/ruby/1.8/webrick/server.rb:162:in `start'
    /usr/local/lib/ruby/1.8/webrick/server.rb:162:in `start_thread'
    /usr/local/lib/ruby/1.8/webrick/server.rb:95:in `start'
    /usr/local/lib/ruby/1.8/webrick/server.rb:92:in `each'
    /usr/local/lib/ruby/1.8/webrick/server.rb:92:in `start'
    /usr/local/lib/ruby/1.8/webrick/server.rb:23:in `start'
    /usr/local/lib/ruby/1.8/webrick/server.rb:82:in `start'

Rendered rescues/_trace (77.8ms)
Rendered rescues/_request_and_response (2.4ms)
Rendering rescues/layout (internal_server_error)
  [4;35;1mSQL (0.1ms)[0m   [0mSET NAMES 'utf8'[0m
  [4;36;1mSQL (0.1ms)[0m   [0;1mSET SQL_AUTO_IS_NULL=0[0m


Processing Clearance::SessionsController#new (for 127.0.0.1 at 2009-12-05 12:39:44) [GET]
  Parameters: {"action"=>"new", "controller"=>"clearance/sessions"}
Rendering template within layouts/application
Rendering sessions/new
Rendered layouts/_flashes (1.0ms)
Completed in 116ms (View: 111, DB: 0) | 200 OK [http://localhost/sign_in]
  [4;35;1mSQL (0.1ms)[0m   [0mSET NAMES 'utf8'[0m
  [4;36;1mSQL (0.1ms)[0m   [0;1mSET SQL_AUTO_IS_NULL=0[0m


Processing Clearance::SessionsController#create (for 127.0.0.1 at 2009-12-05 12:39:55) [POST]
  Parameters: {"commit"=>"Sign in", "session"=>{"password"=>"[FILTERED]", "email"=>"chris@hotink.net"}, "action"=>"create", "authenticity_token"=>"ojCRIcPH6Meh1ve2lcrxyW3JH3Tm5DkeSGcCGIna/C8=", "controller"=>"clearance/sessions"}
  [4;35;1mUser Columns (1.6ms)[0m   [0mSHOW FIELDS FROM `users`[0m
  [4;36;1mUser Load (0.3ms)[0m   [0;1mSELECT * FROM `users` WHERE (`users`.`email` = 'chris@hotink.net') LIMIT 1[0m
Rendering template within layouts/application
Rendering sessions/new (unauthorized)
Rendered layouts/_flashes (0.2ms)
Completed in 29ms (View: 9, DB: 2) | 401 Unauthorized [http://localhost/session]
  [4;35;1mSQL (0.1ms)[0m   [0mSET NAMES 'utf8'[0m
  [4;36;1mSQL (0.1ms)[0m   [0;1mSET SQL_AUTO_IS_NULL=0[0m


Processing Clearance::SessionsController#create (for 127.0.0.1 at 2009-12-05 12:40:03) [POST]
  Parameters: {"commit"=>"Sign in", "session"=>{"password"=>"[FILTERED]", "email"=>"chris@hotink.net"}, "action"=>"create", "authenticity_token"=>"ojCRIcPH6Meh1ve2lcrxyW3JH3Tm5DkeSGcCGIna/C8=", "controller"=>"clearance/sessions"}
  [4;35;1mUser Columns (1.3ms)[0m   [0mSHOW FIELDS FROM `users`[0m
  [4;36;1mUser Load (0.3ms)[0m   [0;1mSELECT * FROM `users` WHERE (`users`.`email` = 'chris@hotink.net') LIMIT 1[0m
  [4;35;1mSQL (0.1ms)[0m   [0mBEGIN[0m
  [4;36;1mUser Update (0.2ms)[0m   [0;1mUPDATE `users` SET `updated_at` = '2009-12-05 17:40:03', `remember_token` = '592afe0ffa80e85495b527c8062bf4324f58e658' WHERE `id` = 1[0m
  [4;35;1mSQL (0.5ms)[0m   [0mCOMMIT[0m
Redirected to http://localhost:3000/
Completed in 24ms (DB: 3) | 302 Found [http://localhost/session]
  [4;36;1mSQL (0.1ms)[0m   [0;1mSET NAMES 'utf8'[0m
  [4;35;1mSQL (0.1ms)[0m   [0mSET SQL_AUTO_IS_NULL=0[0m


Processing Clearance::UsersController#new (for 127.0.0.1 at 2009-12-05 13:26:48) [GET]
  Parameters: {"action"=>"new", "controller"=>"clearance/users"}
  [4;36;1mUser Columns (1.2ms)[0m   [0;1mSHOW FIELDS FROM `users`[0m
  [4;35;1mUser Load (0.3ms)[0m   [0mSELECT * FROM `users` WHERE (`users`.`remember_token` = '592afe0ffa80e85495b527c8062bf4324f58e658') LIMIT 1[0m
Redirected to http://localhost:3000/
Filter chain halted as [:redirect_to_root] rendered_or_redirected.
Completed in 9ms (DB: 2) | 302 Found [http://localhost/sign_up]
  [4;36;1mSQL (0.1ms)[0m   [0;1mSET NAMES 'utf8'[0m
  [4;35;1mSQL (0.1ms)[0m   [0mSET SQL_AUTO_IS_NULL=0[0m


Processing ApplicationController#index (for 127.0.0.1 at 2009-12-05 13:26:54) [GET]

ActionController::RoutingError (No route matches "/logout" with {:method=>:get}):
  /usr/local/lib/ruby/1.8/webrick/httpserver.rb:104:in `service'
  /usr/local/lib/ruby/1.8/webrick/httpserver.rb:65:in `run'
  /usr/local/lib/ruby/1.8/webrick/server.rb:173:in `start_thread'
  /usr/local/lib/ruby/1.8/webrick/server.rb:162:in `start'
  /usr/local/lib/ruby/1.8/webrick/server.rb:162:in `start_thread'
  /usr/local/lib/ruby/1.8/webrick/server.rb:95:in `start'
  /usr/local/lib/ruby/1.8/webrick/server.rb:92:in `each'
  /usr/local/lib/ruby/1.8/webrick/server.rb:92:in `start'
  /usr/local/lib/ruby/1.8/webrick/server.rb:23:in `start'
  /usr/local/lib/ruby/1.8/webrick/server.rb:82:in `start'

Rendering rescues/layout (not_found)
  [4;36;1mSQL (0.1ms)[0m   [0;1mSET NAMES 'utf8'[0m
  [4;35;1mSQL (0.1ms)[0m   [0mSET SQL_AUTO_IS_NULL=0[0m


Processing Clearance::SessionsController#destroy (for 127.0.0.1 at 2009-12-05 13:26:59) [GET]
  Parameters: {"method"=>:delete, "action"=>"destroy", "controller"=>"clearance/sessions"}
Redirected to http://localhost:3000/session/new
Completed in 8ms (DB: 0) | 302 Found [http://localhost/sign_out]
  [4;36;1mSQL (0.1ms)[0m   [0;1mSET NAMES 'utf8'[0m
  [4;35;1mSQL (0.1ms)[0m   [0mSET SQL_AUTO_IS_NULL=0[0m


Processing Clearance::SessionsController#new (for 127.0.0.1 at 2009-12-05 13:26:59) [GET]
  Parameters: {"action"=>"new", "controller"=>"clearance/sessions"}
Rendering template within layouts/application
Rendering sessions/new
Rendered layouts/_flashes (0.2ms)
Completed in 16ms (View: 11, DB: 0) | 200 OK [http://localhost/session/new]
  [4;36;1mSQL (0.1ms)[0m   [0;1mSET NAMES 'utf8'[0m
  [4;35;1mSQL (0.1ms)[0m   [0mSET SQL_AUTO_IS_NULL=0[0m


Processing Clearance::UsersController#new (for 127.0.0.1 at 2009-12-05 13:27:03) [GET]
  Parameters: {"action"=>"new", "controller"=>"clearance/users"}
  [4;36;1mUser Columns (2.7ms)[0m   [0;1mSHOW FIELDS FROM `users`[0m
  [4;35;1mUser Load (0.3ms)[0m   [0mSELECT * FROM `users` WHERE (`users`.`remember_token` = '3c64b99516569be440424e09574840d91e8c01af') LIMIT 1[0m
Rendering template within layouts/application
Rendering users/new
Rendered users/_inputs (5.8ms)
Rendered layouts/_flashes (0.2ms)
Completed in 33ms (View: 18, DB: 3) | 200 OK [http://localhost/sign_up]
  [4;36;1mSQL (0.1ms)[0m   [0;1mSET NAMES 'utf8'[0m
  [4;35;1mSQL (0.1ms)[0m   [0mSET SQL_AUTO_IS_NULL=0[0m


Processing UsersController#index (for 127.0.0.1 at 2009-12-05 13:27:14) [POST]
  Parameters: {"commit"=>"Sign up", "action"=>"index", "authenticity_token"=>"ojCRIcPH6Meh1ve2lcrxyW3JH3Tm5DkeSGcCGIna/C8=", "controller"=>"users", "user"=>{"password_confirmation"=>"[FILTERED]", "password"=>"[FILTERED]", "email"=>"chrisgdinn@gmail.com"}}
Rendering template within layouts/application
Rendering users/index
Rendered layouts/_flashes (0.2ms)
Completed in 13ms (View: 8, DB: 0) | 200 OK [http://localhost/users]
  [4;36;1mSQL (0.1ms)[0m   [0;1mSET NAMES 'utf8'[0m
  [4;35;1mSQL (0.1ms)[0m   [0mSET SQL_AUTO_IS_NULL=0[0m


Processing ApplicationController#index (for 127.0.0.1 at 2009-12-05 13:27:34) [GET]

ActionController::RoutingError (No route matches "/sessions/new" with {:method=>:get}):
  /usr/local/lib/ruby/1.8/webrick/httpserver.rb:104:in `service'
  /usr/local/lib/ruby/1.8/webrick/httpserver.rb:65:in `run'
  /usr/local/lib/ruby/1.8/webrick/server.rb:173:in `start_thread'
  /usr/local/lib/ruby/1.8/webrick/server.rb:162:in `start'
  /usr/local/lib/ruby/1.8/webrick/server.rb:162:in `start_thread'
  /usr/local/lib/ruby/1.8/webrick/server.rb:95:in `start'
  /usr/local/lib/ruby/1.8/webrick/server.rb:92:in `each'
  /usr/local/lib/ruby/1.8/webrick/server.rb:92:in `start'
  /usr/local/lib/ruby/1.8/webrick/server.rb:23:in `start'
  /usr/local/lib/ruby/1.8/webrick/server.rb:82:in `start'

Rendering rescues/layout (not_found)
  [4;36;1mSQL (0.1ms)[0m   [0;1mSET NAMES 'utf8'[0m
  [4;35;1mSQL (0.1ms)[0m   [0mSET SQL_AUTO_IS_NULL=0[0m


Processing ApplicationController#index (for 127.0.0.1 at 2009-12-05 13:27:39) [GET]

ActionController::RoutingError (No route matches "/sign_on" with {:method=>:get}):
  /usr/local/lib/ruby/1.8/webrick/httpserver.rb:104:in `service'
  /usr/local/lib/ruby/1.8/webrick/httpserver.rb:65:in `run'
  /usr/local/lib/ruby/1.8/webrick/server.rb:173:in `start_thread'
  /usr/local/lib/ruby/1.8/webrick/server.rb:162:in `start'
  /usr/local/lib/ruby/1.8/webrick/server.rb:162:in `start_thread'
  /usr/local/lib/ruby/1.8/webrick/server.rb:95:in `start'
  /usr/local/lib/ruby/1.8/webrick/server.rb:92:in `each'
  /usr/local/lib/ruby/1.8/webrick/server.rb:92:in `start'
  /usr/local/lib/ruby/1.8/webrick/server.rb:23:in `start'
  /usr/local/lib/ruby/1.8/webrick/server.rb:82:in `start'

Rendering rescues/layout (not_found)
  [4;36;1mSQL (0.1ms)[0m   [0;1mSET NAMES 'utf8'[0m
  [4;35;1mSQL (0.1ms)[0m   [0mSET SQL_AUTO_IS_NULL=0[0m


Processing Clearance::SessionsController#new (for 127.0.0.1 at 2009-12-05 13:27:42) [GET]
  Parameters: {"action"=>"new", "controller"=>"clearance/sessions"}
Rendering template within layouts/application
Rendering sessions/new
Rendered layouts/_flashes (0.2ms)
Completed in 16ms (View: 11, DB: 0) | 200 OK [http://localhost/sign_in]
  [4;36;1mSQL (0.1ms)[0m   [0;1mSET NAMES 'utf8'[0m
  [4;35;1mSQL (0.1ms)[0m   [0mSET SQL_AUTO_IS_NULL=0[0m


Processing UsersController#index (for 127.0.0.1 at 2009-12-05 13:32:49) [GET]
  Parameters: {"action"=>"index", "controller"=>"users"}
Rendering template within layouts/application
Rendering users/index
Rendered layouts/_flashes (0.6ms)
Completed in 7ms (View: 2, DB: 0) | 200 OK [http://localhost/users]
  [4;36;1mSQL (0.1ms)[0m   [0;1mSET NAMES 'utf8'[0m
  [4;35;1mSQL (0.1ms)[0m   [0mSET SQL_AUTO_IS_NULL=0[0m


Processing Clearance::UsersController#new (for 127.0.0.1 at 2009-12-05 13:41:46) [GET]
  Parameters: {"action"=>"new", "controller"=>"clearance/users"}
  [4;36;1mUser Columns (1.3ms)[0m   [0;1mSHOW FIELDS FROM `users`[0m
  [4;35;1mUser Load (0.2ms)[0m   [0mSELECT * FROM `users` WHERE (`users`.`remember_token` = '3c64b99516569be440424e09574840d91e8c01af') LIMIT 1[0m
Rendering template within layouts/application
Rendering users/new
Rendered users/_inputs (9.2ms)
Rendered layouts/_flashes (0.2ms)
Completed in 32ms (View: 19, DB: 2) | 200 OK [http://localhost/sign_up]
  [4;36;1mSQL (0.1ms)[0m   [0;1mSET NAMES 'utf8'[0m
  [4;35;1mSQL (0.1ms)[0m   [0mSET SQL_AUTO_IS_NULL=0[0m


Processing UsersController#index (for 127.0.0.1 at 2009-12-05 13:42:02) [POST]
  Parameters: {"commit"=>"Sign up", "action"=>"index", "authenticity_token"=>"ojCRIcPH6Meh1ve2lcrxyW3JH3Tm5DkeSGcCGIna/C8=", "controller"=>"users", "user"=>{"password_confirmation"=>"[FILTERED]", "password"=>"[FILTERED]", "email"=>"chris@gmail.com"}}
Rendering template within layouts/application
Rendering users/index
Rendered layouts/_flashes (0.2ms)
Completed in 7ms (View: 2, DB: 0) | 200 OK [http://localhost/users]
  [4;36;1mSQL (0.1ms)[0m   [0;1mSET NAMES 'utf8'[0m
  [4;35;1mSQL (0.1ms)[0m   [0mSET SQL_AUTO_IS_NULL=0[0m


Processing Clearance::UsersController#new (for 127.0.0.1 at 2009-12-05 13:45:15) [GET]
  Parameters: {"action"=>"new", "controller"=>"clearance/users"}
  [4;36;1mUser Columns (1.3ms)[0m   [0;1mSHOW FIELDS FROM `users`[0m
  [4;35;1mUser Load (0.3ms)[0m   [0mSELECT * FROM `users` WHERE (`users`.`remember_token` = '3c64b99516569be440424e09574840d91e8c01af') LIMIT 1[0m
Rendering template within layouts/application
Rendering users/new
Rendered users/_inputs (8.9ms)
Rendered layouts/_flashes (0.2ms)
Completed in 32ms (View: 18, DB: 2) | 200 OK [http://localhost/sign_up]
  [4;36;1mSQL (0.1ms)[0m   [0;1mSET NAMES 'utf8'[0m
  [4;35;1mSQL (0.1ms)[0m   [0mSET SQL_AUTO_IS_NULL=0[0m


Processing ApplicationController#index (for 127.0.0.1 at 2009-12-05 13:45:23) [POST]
  Parameters: {"commit"=>"Sign up", "authenticity_token"=>"ojCRIcPH6Meh1ve2lcrxyW3JH3Tm5DkeSGcCGIna/C8=", "user"=>{"password_confirmation"=>"inktastic", "password"=>"inktastic", "email"=>"chrisgdinn@gmail.com"}}

LoadError (Expected /Users/me/src/masthead/app/controllers/users_controller.rb to define UsersController):
  /usr/local/lib/ruby/1.8/webrick/httpserver.rb:104:in `service'
  /usr/local/lib/ruby/1.8/webrick/httpserver.rb:65:in `run'
  /usr/local/lib/ruby/1.8/webrick/server.rb:173:in `start_thread'
  /usr/local/lib/ruby/1.8/webrick/server.rb:162:in `start'
  /usr/local/lib/ruby/1.8/webrick/server.rb:162:in `start_thread'
  /usr/local/lib/ruby/1.8/webrick/server.rb:95:in `start'
  /usr/local/lib/ruby/1.8/webrick/server.rb:92:in `each'
  /usr/local/lib/ruby/1.8/webrick/server.rb:92:in `start'
  /usr/local/lib/ruby/1.8/webrick/server.rb:23:in `start'
  /usr/local/lib/ruby/1.8/webrick/server.rb:82:in `start'

Rendered rescues/_trace (133.0ms)
Rendered rescues/_request_and_response (0.7ms)
Rendering rescues/layout (internal_server_error)
  [4;36;1mSQL (0.1ms)[0m   [0;1mSET NAMES 'utf8'[0m
  [4;35;1mSQL (0.1ms)[0m   [0mSET SQL_AUTO_IS_NULL=0[0m


Processing UsersController#index (for 127.0.0.1 at 2009-12-05 13:45:44) [POST]
  Parameters: {"commit"=>"Sign up", "action"=>"index", "authenticity_token"=>"ojCRIcPH6Meh1ve2lcrxyW3JH3Tm5DkeSGcCGIna/C8=", "controller"=>"users", "user"=>{"password_confirmation"=>"[FILTERED]", "password"=>"[FILTERED]", "email"=>"chrisgdinn@gmail.com"}}
Rendering template within layouts/application
Rendering users/index
Rendered layouts/_flashes (0.2ms)
Completed in 7ms (View: 2, DB: 0) | 200 OK [http://localhost/users]
  [4;36;1mSQL (0.1ms)[0m   [0;1mSET NAMES 'utf8'[0m
  [4;35;1mSQL (0.1ms)[0m   [0mSET SQL_AUTO_IS_NULL=0[0m


Processing UsersController#index (for 127.0.0.1 at 2009-12-05 13:46:59) [POST]
  Parameters: {"commit"=>"Sign up", "action"=>"index", "authenticity_token"=>"ojCRIcPH6Meh1ve2lcrxyW3JH3Tm5DkeSGcCGIna/C8=", "controller"=>"users", "user"=>{"password_confirmation"=>"[FILTERED]", "password"=>"[FILTERED]", "email"=>"chrisgdinn@gmail.com"}}
Rendering template within layouts/application
Rendering users/index
Rendered layouts/_flashes (1.0ms)
Completed in 31ms (View: 26, DB: 0) | 200 OK [http://localhost/users]
  [4;36;1mSQL (0.1ms)[0m   [0;1mSET NAMES 'utf8'[0m
  [4;35;1mSQL (0.1ms)[0m   [0mSET SQL_AUTO_IS_NULL=0[0m


Processing Clearance::UsersController#new (for 127.0.0.1 at 2009-12-05 13:49:06) [GET]
  Parameters: {"action"=>"new", "controller"=>"clearance/users"}
  [4;36;1mUser Columns (1.3ms)[0m   [0;1mSHOW FIELDS FROM `users`[0m
  [4;35;1mUser Load (0.4ms)[0m   [0mSELECT * FROM `users` WHERE (`users`.`remember_token` = '3c64b99516569be440424e09574840d91e8c01af') LIMIT 1[0m
Rendering template within layouts/application
Rendering users/new
Rendered users/_inputs (7.0ms)
Rendered layouts/_flashes (1.1ms)
Completed in 93ms (View: 68, DB: 2) | 200 OK [http://localhost/sign_up]
  [4;36;1mSQL (0.1ms)[0m   [0;1mSET NAMES 'utf8'[0m
  [4;35;1mSQL (0.1ms)[0m   [0mSET SQL_AUTO_IS_NULL=0[0m


Processing ApplicationController#index (for 127.0.0.1 at 2009-12-05 13:49:13) [POST]
  Parameters: {"commit"=>"Sign up", "authenticity_token"=>"ojCRIcPH6Meh1ve2lcrxyW3JH3Tm5DkeSGcCGIna/C8=", "user"=>{"password_confirmation"=>"inktastic", "password"=>"inktastic", "email"=>"chris@gmail.com"}}

NameError (uninitialized constant Clerance):
  app/controllers/users_controller.rb:1
  /usr/local/lib/ruby/1.8/webrick/httpserver.rb:104:in `service'
  /usr/local/lib/ruby/1.8/webrick/httpserver.rb:65:in `run'
  /usr/local/lib/ruby/1.8/webrick/server.rb:173:in `start_thread'
  /usr/local/lib/ruby/1.8/webrick/server.rb:162:in `start'
  /usr/local/lib/ruby/1.8/webrick/server.rb:162:in `start_thread'
  /usr/local/lib/ruby/1.8/webrick/server.rb:95:in `start'
  /usr/local/lib/ruby/1.8/webrick/server.rb:92:in `each'
  /usr/local/lib/ruby/1.8/webrick/server.rb:92:in `start'
  /usr/local/lib/ruby/1.8/webrick/server.rb:23:in `start'
  /usr/local/lib/ruby/1.8/webrick/server.rb:82:in `start'

Rendered rescues/_trace (124.2ms)
Rendered rescues/_request_and_response (3.1ms)
Rendering rescues/layout (internal_server_error)
  [4;36;1mSQL (0.1ms)[0m   [0;1mSET NAMES 'utf8'[0m
  [4;35;1mSQL (0.1ms)[0m   [0mSET SQL_AUTO_IS_NULL=0[0m


Processing ApplicationController#index (for 127.0.0.1 at 2009-12-05 13:50:20) [POST]
  Parameters: {"commit"=>"Sign up", "authenticity_token"=>"ojCRIcPH6Meh1ve2lcrxyW3JH3Tm5DkeSGcCGIna/C8=", "user"=>{"password_confirmation"=>"inktastic", "password"=>"inktastic", "email"=>"chris@gmail.com"}}

LoadError (Expected /Users/me/src/masthead/app/controllers/users_controller.rb to define UsersController):
  /usr/local/lib/ruby/1.8/webrick/httpserver.rb:104:in `service'
  /usr/local/lib/ruby/1.8/webrick/httpserver.rb:65:in `run'
  /usr/local/lib/ruby/1.8/webrick/server.rb:173:in `start_thread'
  /usr/local/lib/ruby/1.8/webrick/server.rb:162:in `start'
  /usr/local/lib/ruby/1.8/webrick/server.rb:162:in `start_thread'
  /usr/local/lib/ruby/1.8/webrick/server.rb:95:in `start'
  /usr/local/lib/ruby/1.8/webrick/server.rb:92:in `each'
  /usr/local/lib/ruby/1.8/webrick/server.rb:92:in `start'
  /usr/local/lib/ruby/1.8/webrick/server.rb:23:in `start'
  /usr/local/lib/ruby/1.8/webrick/server.rb:82:in `start'

Rendered rescues/_trace (47.6ms)
Rendered rescues/_request_and_response (0.6ms)
Rendering rescues/layout (internal_server_error)
  [4;36;1mSQL (0.1ms)[0m   [0;1mSET NAMES 'utf8'[0m
  [4;35;1mSQL (0.1ms)[0m   [0mSET SQL_AUTO_IS_NULL=0[0m


Processing ApplicationController#index (for 127.0.0.1 at 2009-12-05 13:51:24) [POST]
  Parameters: {"commit"=>"Sign up", "authenticity_token"=>"ojCRIcPH6Meh1ve2lcrxyW3JH3Tm5DkeSGcCGIna/C8=", "user"=>{"password_confirmation"=>"ink", "password"=>"ink", "email"=>"chris@gmail.com"}}

LoadError (Expected /Users/me/src/masthead/app/controllers/users_controller.rb to define UsersController):
  /usr/local/lib/ruby/1.8/webrick/httpserver.rb:104:in `service'
  /usr/local/lib/ruby/1.8/webrick/httpserver.rb:65:in `run'
  /usr/local/lib/ruby/1.8/webrick/server.rb:173:in `start_thread'
  /usr/local/lib/ruby/1.8/webrick/server.rb:162:in `start'
  /usr/local/lib/ruby/1.8/webrick/server.rb:162:in `start_thread'
  /usr/local/lib/ruby/1.8/webrick/server.rb:95:in `start'
  /usr/local/lib/ruby/1.8/webrick/server.rb:92:in `each'
  /usr/local/lib/ruby/1.8/webrick/server.rb:92:in `start'
  /usr/local/lib/ruby/1.8/webrick/server.rb:23:in `start'
  /usr/local/lib/ruby/1.8/webrick/server.rb:82:in `start'

Rendered rescues/_trace (49.2ms)
Rendered rescues/_request_and_response (2.6ms)
Rendering rescues/layout (internal_server_error)
  [4;36;1mSQL (0.1ms)[0m   [0;1mSET NAMES 'utf8'[0m
  [4;35;1mSQL (0.1ms)[0m   [0mSET SQL_AUTO_IS_NULL=0[0m


Processing ApplicationController#create (for 127.0.0.1 at 2009-12-05 13:52:04) [POST]
  Parameters: {"commit"=>"Sign up", "authenticity_token"=>"ojCRIcPH6Meh1ve2lcrxyW3JH3Tm5DkeSGcCGIna/C8=", "user"=>{"password_confirmation"=>"inktastic", "password"=>"inktastic", "email"=>"chris@gmail.com"}}

LoadError (Expected /Users/me/src/masthead/app/controllers/clearance/users_controller.rb to define Clearance::UsersController):
  /usr/local/lib/ruby/1.8/webrick/httpserver.rb:104:in `service'
  /usr/local/lib/ruby/1.8/webrick/httpserver.rb:65:in `run'
  /usr/local/lib/ruby/1.8/webrick/server.rb:173:in `start_thread'
  /usr/local/lib/ruby/1.8/webrick/server.rb:162:in `start'
  /usr/local/lib/ruby/1.8/webrick/server.rb:162:in `start_thread'
  /usr/local/lib/ruby/1.8/webrick/server.rb:95:in `start'
  /usr/local/lib/ruby/1.8/webrick/server.rb:92:in `each'
  /usr/local/lib/ruby/1.8/webrick/server.rb:92:in `start'
  /usr/local/lib/ruby/1.8/webrick/server.rb:23:in `start'
  /usr/local/lib/ruby/1.8/webrick/server.rb:82:in `start'

Rendered rescues/_trace (48.7ms)
Rendered rescues/_request_and_response (2.5ms)
Rendering rescues/layout (internal_server_error)
  [4;36;1mSQL (0.1ms)[0m   [0;1mSET NAMES 'utf8'[0m
  [4;35;1mSQL (0.1ms)[0m   [0mSET SQL_AUTO_IS_NULL=0[0m


Processing Clearance::UsersController#create (for 127.0.0.1 at 2009-12-05 13:52:21) [POST]
  Parameters: {"commit"=>"Sign up", "authenticity_token"=>"ojCRIcPH6Meh1ve2lcrxyW3JH3Tm5DkeSGcCGIna/C8=", "user"=>{"password_confirmation"=>"inktastic", "password"=>"inktastic", "email"=>"chris@gmail.com"}}

ActionController::UnknownAction (No action responded to create. Actions: index):
  /usr/local/lib/ruby/1.8/webrick/httpserver.rb:104:in `service'
  /usr/local/lib/ruby/1.8/webrick/httpserver.rb:65:in `run'
  /usr/local/lib/ruby/1.8/webrick/server.rb:173:in `start_thread'
  /usr/local/lib/ruby/1.8/webrick/server.rb:162:in `start'
  /usr/local/lib/ruby/1.8/webrick/server.rb:162:in `start_thread'
  /usr/local/lib/ruby/1.8/webrick/server.rb:95:in `start'
  /usr/local/lib/ruby/1.8/webrick/server.rb:92:in `each'
  /usr/local/lib/ruby/1.8/webrick/server.rb:92:in `start'
  /usr/local/lib/ruby/1.8/webrick/server.rb:23:in `start'
  /usr/local/lib/ruby/1.8/webrick/server.rb:82:in `start'

Rendering rescues/layout (not_found)
  [4;36;1mSQL (0.1ms)[0m   [0;1mSET NAMES 'utf8'[0m
  [4;35;1mSQL (0.1ms)[0m   [0mSET SQL_AUTO_IS_NULL=0[0m


Processing Clearance::UsersController#create (for 127.0.0.1 at 2009-12-05 13:53:27) [POST]
  Parameters: {"commit"=>"Sign up", "action"=>"create", "authenticity_token"=>"ojCRIcPH6Meh1ve2lcrxyW3JH3Tm5DkeSGcCGIna/C8=", "controller"=>"clearance/users", "user"=>{"password_confirmation"=>"[FILTERED]", "password"=>"[FILTERED]", "email"=>"chris@gmail.com"}}
  [4;36;1mUser Columns (1.3ms)[0m   [0;1mSHOW FIELDS FROM `users`[0m
  [4;35;1mUser Load (0.4ms)[0m   [0mSELECT * FROM `users` WHERE (`users`.`remember_token` = '3c64b99516569be440424e09574840d91e8c01af') LIMIT 1[0m
  [4;36;1mSQL (0.1ms)[0m   [0;1mBEGIN[0m
  [4;35;1mUser Load (0.3ms)[0m   [0mSELECT `users`.id FROM `users` WHERE (LOWER(`users`.`email`) = BINARY 'chris@gmail.com') LIMIT 1[0m
  [4;36;1mUser Create (0.2ms)[0m   [0;1mINSERT INTO `users` (`encrypted_password`, `salt`, `created_at`, `updated_at`, `remember_token`, `confirmation_token`, `email_confirmed`, `email`) VALUES('f607306d6bacae5ccf0a7e7efdf65a08ecb5c8ed', '0deae83a404e85aab36024f057c66d52e62acac2', '2009-12-05 18:53:27', '2009-12-05 18:53:27', NULL, '5ad387eee408347289bb559b73189bc4c14fbb8e', 0, 'chris@gmail.com')[0m
  [4;35;1mSQL (0.5ms)[0m   [0mCOMMIT[0m
Sent mail to chris@gmail.com

Date: Sat, 5 Dec 2009 13:53:27 -0500
From: donotreply@hotink.net
To: chris@gmail.com
Subject: Account confirmation
Mime-Version: 1.0
Content-Type: text/plain; charset=utf-8


http://localhost/users/2/confirmation/new?token=5ad387eee408347289bb559b73189bc4c14fbb8e
Redirected to http://localhost:3000/session/new
Completed in 343ms (DB: 3) | 302 Found [http://localhost/users]
  [4;36;1mSQL (0.1ms)[0m   [0;1mSET NAMES 'utf8'[0m
  [4;35;1mSQL (0.1ms)[0m   [0mSET SQL_AUTO_IS_NULL=0[0m


Processing Clearance::SessionsController#new (for 127.0.0.1 at 2009-12-05 13:53:27) [GET]
  Parameters: {"action"=>"new", "controller"=>"clearance/sessions"}
Rendering template within layouts/application
Rendering sessions/new
Rendered layouts/_flashes (1.0ms)
Completed in 41ms (View: 37, DB: 0) | 200 OK [http://localhost/session/new]
  [4;36;1mSQL (0.1ms)[0m   [0;1mSET NAMES 'utf8'[0m
  [4;35;1mSQL (0.1ms)[0m   [0mSET SQL_AUTO_IS_NULL=0[0m


Processing Clearance::UsersController#new (for 127.0.0.1 at 2009-12-05 13:57:45) [GET]
  Parameters: {"action"=>"new", "controller"=>"clearance/users"}
  [4;36;1mUser Columns (1.3ms)[0m   [0;1mSHOW FIELDS FROM `users`[0m
  [4;35;1mUser Load (0.3ms)[0m   [0mSELECT * FROM `users` WHERE (`users`.`remember_token` = '3c64b99516569be440424e09574840d91e8c01af') LIMIT 1[0m
Rendering template within layouts/application
Rendering users/new
Rendered users/_inputs (6.8ms)
Rendered layouts/_flashes (0.2ms)
Completed in 126ms (View: 32, DB: 2) | 200 OK [http://localhost/sign_up]
  [4;36;1mSQL (0.1ms)[0m   [0;1mSET NAMES 'utf8'[0m
  [4;35;1mSQL (0.1ms)[0m   [0mSET SQL_AUTO_IS_NULL=0[0m


Processing Clearance::SessionsController#new (for 127.0.0.1 at 2009-12-05 13:57:48) [GET]
  Parameters: {"action"=>"new", "controller"=>"clearance/sessions"}
Rendering template within layouts/application
Rendering sessions/new
Rendered layouts/_flashes (0.2ms)
Completed in 16ms (View: 11, DB: 0) | 200 OK [http://localhost/sign_in]
